<?xml version="1.0" encoding="UTF-8"?>
<testng-results skipped="0" failed="0" ignored="0" total="3" passed="3">
  <reporter-output>
  </reporter-output>
  <suite name="Default suite" duration-ms="4538" started-at="2021-01-04T13:23:02Z" finished-at="2021-01-04T13:23:07Z">
    <groups>
    </groups>
    <test name="Default test" duration-ms="4538" started-at="2021-01-04T13:23:02Z" finished-at="2021-01-04T13:23:07Z">
      <class name="FunctionalTesting.PutrequestAutomation">
        <test-method status="PASS" signature="test()[pri:0, instance:FunctionalTesting.PutrequestAutomation@47c62251]" name="test" duration-ms="3195" started-at="2021-01-04T18:53:02Z" finished-at="2021-01-04T18:53:05Z">
          <reporter-output>
          </reporter-output>
        </test-method> <!-- test -->
        <test-method status="PASS" signature="test_delete()[pri:0, instance:FunctionalTesting.PutrequestAutomation@47c62251]" name="test_delete" duration-ms="721" started-at="2021-01-04T18:53:05Z" finished-at="2021-01-04T18:53:06Z">
          <reporter-output>
          </reporter-output>
        </test-method> <!-- test_delete -->
        <test-method status="PASS" signature="test_patch()[pri:0, instance:FunctionalTesting.PutrequestAutomation@47c62251]" name="test_patch" duration-ms="580" started-at="2021-01-04T18:53:06Z" finished-at="2021-01-04T18:53:07Z">
          <reporter-output>
          </reporter-output>
        </test-method> <!-- test_patch -->
      </class> <!-- FunctionalTesting.PutrequestAutomation -->
    </test> <!-- Default test -->
  </suite> <!-- Default suite -->
</testng-results>
