<?xml version="1.0" encoding="UTF-8"?>
<!-- Generated by org.testng.reporters.JUnitXMLReporter -->
<testsuite hostname="HYD-LAP-00357" ignored="0" name="Default test" tests="3" failures="0" timestamp="04 Jan 2021 13:23:07 GMT" time="4.538" errors="0">
  <testcase name="test" time="3.195" classname="FunctionalTesting.PutrequestAutomation"/>
  <testcase name="test_delete" time="0.721" classname="FunctionalTesting.PutrequestAutomation"/>
  <testcase name="test_patch" time="0.58" classname="FunctionalTesting.PutrequestAutomation"/>
</testsuite> <!-- Default test -->
